<?xml version="1.0" encoding="UTF-8"?>
<!-- Generated by org.testng.reporters.JUnitReportReporter -->
<testsuite hostname="lin76002967" failures="0" tests="2" name="jayasuriyapractice.SubmitOrderTest" time="0.000" errors="0" timestamp="01 Mar 2024 07:25:10 GMT" skipped="2">
  <testcase classname="jayasuriyapractice.SubmitOrderTest" name="submitOrder" time="0.000">
    <skipped/>
  </testcase> <!-- submitOrder -->
  <testcase classname="jayasuriyapractice.SubmitOrderTest" name="OrderHistoryTest" time="0.000">
    <skipped/>
  </testcase> <!-- OrderHistoryTest -->
</testsuite> <!-- jayasuriyapractice.SubmitOrderTest -->
