<?xml version="1.0" encoding="UTF-8"?>
<!-- Generated by org.testng.reporters.JUnitReportReporter -->
<testsuite hostname="lin76002967" failures="0" tests="1" name="excelDataProvider.excel" time="1.063" errors="0" timestamp="05 Mar 2024 07:13:09 GMT" skipped="0">
  <testcase classname="excelDataProvider.excel" name="getExcel" time="1.063"/>
</testsuite> <!-- excelDataProvider.excel -->
