<?xml version="1.0" encoding="UTF-8"?>
<!-- Generated by org.testng.reporters.JUnitReportReporter -->
<testsuite hostname="lin76002967" failures="0" tests="1" name="jayasuriyapractice.ExtentReports.ExtentReportDemo" time="8.820" errors="0" timestamp="29 Feb 2024 12:19:26 GMT" skipped="0">
  <testcase classname="jayasuriyapractice.ExtentReports.ExtentReportDemo" name="initialDemo" time="8.820"/>
</testsuite> <!-- jayasuriyapractice.ExtentReports.ExtentReportDemo -->
